<?xml version="1.0" encoding="UTF-8"?>
<testsuite name="pact-verification:tech-inventory-api" tests="1" failures="1" time="7.877">
  <testcase classname="pact-verification:tech-inventory-api" name="pact-verification:tech-inventory-api" time="7.877">
    <failure message="Verfication failed"><![CDATA[Verfication failed]]></failure>
  </testcase>
</testsuite>