<?xml version="1.0"?><testsuite name="pact-verification:tech-inventory-api" tests="1" failures="1" time="0.033"><testcase classname="pact-verification:tech-inventory-api" name="pact-verification:tech-inventory-api" time="0.033"><failure message="Verification failed"><![CDATA[includeWipPactsSince]]></failure></testcase></testsuite>